  stdafx.cpp
  AnimationPlayer.cpp
  Barrel.cpp
  BarrelSet.cpp
  BonusText.cpp
C:\Users\bawer\OneDrive\Pulpit\KingDonkeyProject\KingDonkeyProject\ScreenText.h(20,60): warning C4267: 'return': conversion from 'size_t' to 'const int', possible loss of data
  BonusTrophy.cpp
  Cat.cpp
  Donkey.cpp
  Entity.cpp
  Game.cpp
C:\Users\bawer\OneDrive\Pulpit\KingDonkeyProject\KingDonkeyProject\ScreenText.h(20,60): warning C4267: 'return': conversion from 'size_t' to 'const int', possible loss of data
C:\Users\bawer\OneDrive\Pulpit\KingDonkeyProject\KingDonkeyProject\Game.cpp(89,38): warning C4244: '=': conversion from 'double' to 'float', possible loss of data
C:\Users\bawer\OneDrive\Pulpit\KingDonkeyProject\KingDonkeyProject\Game.cpp(93,33): warning C4244: 'argument': conversion from 'float' to 'Uint32', possible loss of data
  GameState.cpp
C:\Users\bawer\OneDrive\Pulpit\KingDonkeyProject\KingDonkeyProject\ScreenText.h(20,60): warning C4267: 'return': conversion from 'size_t' to 'const int', possible loss of data
C:\Users\bawer\OneDrive\Pulpit\KingDonkeyProject\KingDonkeyProject\GameState.cpp(422,30): warning C4244: 'initializing': conversion from 'float' to 'int', possible loss of data
C:\Users\bawer\OneDrive\Pulpit\KingDonkeyProject\KingDonkeyProject\GameState.cpp(423,27): warning C4244: 'initializing': conversion from 'float' to 'int', possible loss of data
C:\Users\bawer\OneDrive\Pulpit\KingDonkeyProject\KingDonkeyProject\GameState.cpp(424,30): warning C4244: 'initializing': conversion from 'float' to 'int', possible loss of data
  GuiManager.cpp
C:\Users\bawer\OneDrive\Pulpit\KingDonkeyProject\KingDonkeyProject\ScreenText.h(20,60): warning C4267: 'return': conversion from 'size_t' to 'const int', possible loss of data
  Ladder.cpp
  LevelPickerState.cpp
C:\Users\bawer\OneDrive\Pulpit\KingDonkeyProject\KingDonkeyProject\ScreenText.h(20,60): warning C4267: 'return': conversion from 'size_t' to 'const int', possible loss of data
  MainMenuState.cpp
C:\Users\bawer\OneDrive\Pulpit\KingDonkeyProject\KingDonkeyProject\ScreenText.h(20,60): warning C4267: 'return': conversion from 'size_t' to 'const int', possible loss of data
  Platform.cpp
  Player.cpp
C:\Users\bawer\OneDrive\Pulpit\KingDonkeyProject\KingDonkeyProject\Player.cpp(238,77): warning C4244: 'argument': conversion from 'float' to 'int', possible loss of data
C:\Users\bawer\OneDrive\Pulpit\KingDonkeyProject\KingDonkeyProject\Player.cpp(238,59): warning C4244: 'argument': conversion from 'float' to 'int', possible loss of data
  ScoresState.cpp
C:\Users\bawer\OneDrive\Pulpit\KingDonkeyProject\KingDonkeyProject\ScreenText.h(20,60): warning C4267: 'return': conversion from 'size_t' to 'const int', possible loss of data
  ScreenState.cpp
C:\Users\bawer\OneDrive\Pulpit\KingDonkeyProject\KingDonkeyProject\ScreenText.h(20,60): warning C4267: 'return': conversion from 'size_t' to 'const int', possible loss of data
  ScreenText.cpp
C:\Users\bawer\OneDrive\Pulpit\KingDonkeyProject\KingDonkeyProject\ScreenText.h(20,60): warning C4267: 'return': conversion from 'size_t' to 'const int', possible loss of data
  main.cpp
C:\Users\bawer\OneDrive\Pulpit\KingDonkeyProject\KingDonkeyProject\ScreenText.h(20,60): warning C4267: 'return': conversion from 'size_t' to 'const int', possible loss of data
  Generating Code...
  KingDonkeyProject.vcxproj -> C:\Users\bawer\OneDrive\Pulpit\KingDonkeyProject\x64\Debug\KingDonkeyProject.exe

Project Performance Summary:
     1404 ms  C:\Users\bawer\OneDrive\Pulpit\KingDonkeyProject\KingDonkeyProject\KingDonkeyProject.vcxproj   1 calls
               1404 ms  Build                                      1 calls

Target Performance Summary:
        0 ms  AfterBuildCompileEvent                     1 calls
        0 ms  AfterLink                                  1 calls
        0 ms  ComputeLinkImportLibraryOutputsForClean    1 calls
        0 ms  ComputeLinkSwitches                        1 calls
        0 ms  PreLinkEvent                               1 calls
        0 ms  MakeDirsForLink                            1 calls
        0 ms  PrepareResourceNames                       1 calls
        0 ms  CreateCustomManifestResourceNames          1 calls
        0 ms  AssignTargetPaths                          1 calls
        0 ms  ComputeLinkInputsFromProject               1 calls
        0 ms  ComputeCLGeneratedLinkInputs               1 calls
        0 ms  _Link                                      1 calls
        0 ms  ComputeCLOutputs                           1 calls
        0 ms  ComputeRCGeneratedLinkInputs               1 calls
        0 ms  ComputeRCOutputs                           1 calls
        0 ms  BeforeLink                                 1 calls
        0 ms  ComputeLegacyManifestEmbedding             1 calls
        0 ms  BuildLinkTraverse                          1 calls
        0 ms  BuildCompile                               1 calls
        0 ms  _BuildCompileAction                        1 calls
        0 ms  _ResourceCompile                           1 calls
        0 ms  AfterResourceCompile                       1 calls
        0 ms  BeforeResourceCompile                      1 calls
        0 ms  ComputeManifestGeneratedLinkerInputs       1 calls
        0 ms  _ALink                                     1 calls
        0 ms  _Manifest                                  1 calls
        0 ms  RegisterOutput                             1 calls
        0 ms  AfterBuild                                 1 calls
        0 ms  BuildLink                                  1 calls
        0 ms  _BuildLinkAction                           1 calls
        0 ms  PostBuildEvent                             1 calls
        0 ms  PrepareForRun                              1 calls
        0 ms  CopyFilesToOutputDirectory                 1 calls
        0 ms  _CheckForCompileOutputs                    1 calls
        0 ms  _CopySourceItemsToOutputDirectory          1 calls
        0 ms  _GetCopyToOutputDirectoryItemsFromThisProject   1 calls
        0 ms  _GetCopyToOutputDirectoryItemsFromTransitiveProjectReferences   1 calls
        0 ms  GetCopyToOutputDirectoryXamlAppDefs        1 calls
        0 ms  _PopulateCommonStateForGetCopyToOutputDirectoryItems   1 calls
        0 ms  _Deploy                                    1 calls
        0 ms  _Appverifier                               1 calls
        0 ms  CreateSatelliteAssemblies                  1 calls
        0 ms  MakeDirsForFxc                             1 calls
        0 ms  SatelliteDllsProjectOutputGroup            1 calls
        0 ms  _BscMake                                   1 calls
        0 ms  MakeDirsForBscMake                         1 calls
        0 ms  ComputeCLCompileGeneratedSbrFiles          1 calls
        0 ms  _XdcMake                                   1 calls
        0 ms  MakeDirsForXdcMake                         1 calls
        0 ms  ResolvedXDCMake                            1 calls
        0 ms  _ClCompile                                 1 calls
        0 ms  AfterClCompile                             1 calls
        0 ms  Build                                      1 calls
        0 ms  PreBuildEvent                              1 calls
        0 ms  SelectCustomBuild                          1 calls
        0 ms  _SelectedFiles                             1 calls
        0 ms  _PrepareForReferenceResolution             1 calls
        0 ms  BuildGenerateSourcesTraverse               1 calls
        0 ms  SelectClCompile                            1 calls
        0 ms  ResolveReferences                          1 calls
        0 ms  AfterResolveReferences                     1 calls
        0 ms  ResolveAssemblyReferences                  1 calls
        0 ms  ExpandSDKReferences                        1 calls
        0 ms  ComputeCustomBuildOutput                   1 calls
        0 ms  ResolveSDKReferences                       1 calls
        0 ms  _CheckWindowsSDKInstalled                  1 calls
        0 ms  GetResolvedWinMD                           1 calls
        0 ms  AddExternalIncludDirectoriesToPaths        1 calls
        0 ms  GetFrameworkPaths                          1 calls
        0 ms  ResolveProjectReferences                   1 calls
        0 ms  PrepareProjectReferences                   1 calls
        0 ms  _AddOutputPathToGlobalPropertiesToRemove   1 calls
        0 ms  _SplitProjectReferencesByFileExistence     1 calls
        0 ms  BeforeResolveReferences                    1 calls
        0 ms  SetCABuildNativeEnvironmentVariables       1 calls
        0 ms  CopyFileToFolders                          1 calls
        0 ms  _PrepareForBuild                           1 calls
        0 ms  ComputeCLInputPDBName                      1 calls
        0 ms  ComputeStdModulesCompileInputs             1 calls
        0 ms  GetReferencedVCProjectsInfo                1 calls
        0 ms  FindReferenceAssembliesForReferences       1 calls
        0 ms  _Xsd                                       1 calls
        0 ms  BeforeClCompile                            1 calls
        0 ms  BuildCompileTraverse                       1 calls
        0 ms  _BuildGenerateSourcesAction                1 calls
        0 ms  AfterBuildGenerateSourcesEvent             1 calls
        0 ms  AfterBuildGenerateSources                  1 calls
        0 ms  BuildGenerateSources                       1 calls
        0 ms  AfterMidl                                  1 calls
        0 ms  MakeDirsForCl                              1 calls
        0 ms  ComputeMIDLGeneratedCompileInputs          1 calls
        0 ms  _Midl                                      1 calls
        1 ms  BeforeBuildGenerateSources                 1 calls
        1 ms  CreateRecipeFile                           1 calls
        1 ms  _GenerateSatelliteAssemblyInputs           1 calls
        1 ms  DoLinkOutputFilesMatch                     1 calls
        1 ms  SplitResourcesByCulture                    1 calls
        1 ms  IncrementalClean                           1 calls
        1 ms  BuiltProjectOutputGroup                    1 calls
        1 ms  ComputeReferenceCLInput                    1 calls
        1 ms  ComputeManifestInputsTargets               1 calls
        1 ms  SetTelemetryEnvironmentVariables           1 calls
        1 ms  ContentFilesProjectOutputGroup             1 calls
        1 ms  _CleanGetCurrentAndPriorFileWrites         1 calls
        1 ms  _GetProjectReferenceTargetFrameworkProperties   1 calls
        1 ms  MakeDirsForResourceCompile                 1 calls
        1 ms  AssignProjectConfiguration                 1 calls
        1 ms  MakeDirsForMidl                            1 calls
        1 ms  CustomBuild                                1 calls
        1 ms  FinalizeBuildStatus                        1 calls
        1 ms  _CheckForInvalidConfigurationAndPlatform   1 calls
        1 ms  TlogCleanup                                1 calls
        1 ms  SetBuildDefaultEnvironmentVariables        1 calls
        1 ms  ComputeCLCompileGeneratedXDCFiles          1 calls
        2 ms  GetReferenceAssemblyPaths                  1 calls
        2 ms  WarnCompileDuplicatedFilename              1 calls
        3 ms  InitializeBuildStatus                      1 calls
        5 ms  PrepareForBuild                            1 calls
        6 ms  GetCopyToOutputDirectoryItems              1 calls
        8 ms  FixupCLCompileOptions                      1 calls
      235 ms  Link                                       1 calls
     1118 ms  ClCompile                                  1 calls

Task Performance Summary:
        0 ms  Message                                    3 calls
        0 ms  RemoveDuplicates                           2 calls
        0 ms  FindUnderPath                              5 calls
        0 ms  ConvertToAbsolutePath                      1 calls
        0 ms  CallTarget                                 2 calls
        0 ms  GenerateDesktopDeployRecipe                1 calls
        0 ms  AssignCulture                              1 calls
        0 ms  AssignTargetPath                           7 calls
        0 ms  Delete                                     2 calls
        0 ms  GetOutOfDateItems                          3 calls
        0 ms  ReadLinesFromFile                          2 calls
        0 ms  CheckVCToolsetVersion                      1 calls
        0 ms  SetRidAgnosticValueForProjects             1 calls
        1 ms  WriteLinesToFile                           1 calls
        1 ms  MSBuild                                    1 calls
        1 ms  AssignProjectConfiguration                 1 calls
        1 ms  MakeDir                                   10 calls
        1 ms  CleanupStaleTlogItems                      1 calls
        1 ms  SetEnv                                    11 calls
        2 ms  Touch                                      2 calls
      231 ms  Link                                       1 calls
     1115 ms  CL                                         2 calls
